whay/app/build/intermediates/manifest_merge_blame_file/debug/manifest-merger-blame-debug-report.txt
1<?xml version="1.0" encoding="utf-8"?>
2<manifest xmlns:android="http://schemas.android.com/apk/res/android"
3    package="com.example.whay"
4    android:versionCode="1"
5    android:versionName="1.0" >
6
7    <uses-sdk
8        android:minSdkVersion="28"
9        android:targetSdkVersion="34" />
10
11    <!-- Existing Permissions -->
12    <uses-permission android:name="android.permission.INTERNET" />
12-->src\main\AndroidManifest.xml:6:5-67
12-->src\main\AndroidManifest.xml:6:22-64
13    <uses-permission android:name="android.permission.ACCESS_NETWORK_STATE" />
13-->src\main\AndroidManifest.xml:7:5-79
13-->src\main\AndroidManifest.xml:7:22-76
14    <uses-permission android:name="android.permission.ACCESS_NOTIFICATION_POLICY" />
14-->src\main\AndroidManifest.xml:8:5-85
14-->src\main\AndroidManifest.xml:8:22-82
15    <uses-permission android:name="android.permission.BIND_NOTIFICATION_LISTENER_SERVICE" />
15-->src\main\AndroidManifest.xml:9:5-93
15-->src\main\AndroidManifest.xml:9:22-90
16    <uses-permission android:name="android.permission.RECEIVE_BOOT_COMPLETED" />
16-->src\main\AndroidManifest.xml:10:5-81
16-->src\main\AndroidManifest.xml:10:22-78
17    <uses-permission android:name="android.permission.SYSTEM_ALERT_WINDOW" />
17-->src\main\AndroidManifest.xml:11:5-78
17-->src\main\AndroidManifest.xml:11:22-75
18    <uses-permission android:name="android.permission.READ_EXTERNAL_STORAGE" />
18-->src\main\AndroidManifest.xml:12:5-80
18-->src\main\AndroidManifest.xml:12:22-77
19    <uses-permission android:name="android.permission.WRITE_EXTERNAL_STORAGE" />
19-->src\main\AndroidManifest.xml:13:5-81
19-->src\main\AndroidManifest.xml:13:22-78
20    <uses-permission android:name="com.google.android.c2dm.permission.RECEIVE" />
20-->src\main\AndroidManifest.xml:14:5-82
20-->src\main\AndroidManifest.xml:14:22-79
21    <uses-permission android:name="android.permission.POST_NOTIFICATIONS" />
21-->src\main\AndroidManifest.xml:15:5-77
21-->src\main\AndroidManifest.xml:15:22-74
22    <uses-permission android:name="android.permission.BIND_ACCESSIBILITY_SERVICE" />
22-->src\main\AndroidManifest.xml:16:5-85
22-->src\main\AndroidManifest.xml:16:22-82
23
24    <!-- New Permissions for Background Processing -->
25    <uses-permission android:name="android.permission.WAKE_LOCK" />
25-->src\main\AndroidManifest.xml:19:5-68
25-->src\main\AndroidManifest.xml:19:22-65
26    <uses-permission android:name="android.permission.FOREGROUND_SERVICE" />
26-->src\main\AndroidManifest.xml:20:5-77
26-->src\main\AndroidManifest.xml:20:22-74
27    <uses-permission android:name="android.permission.FOREGROUND_SERVICE_DATA_SYNC" />
27-->src\main\AndroidManifest.xml:21:5-87
27-->src\main\AndroidManifest.xml:21:22-84
28
29    <queries>
29-->[com.android.car.ui:car-ui-lib:2.6.0] AndroidManifest.xml:23:5-34:15
30
31        <!-- Required for querying the IME service at runtime -->
32        <intent>
32-->[com.android.car.ui:car-ui-lib:2.6.0] AndroidManifest.xml:26:9-28:18
33            <action android:name="android.view.InputMethod" />
33-->[com.android.car.ui:car-ui-lib:2.6.0] AndroidManifest.xml:27:13-63
33-->[com.android.car.ui:car-ui-lib:2.6.0] AndroidManifest.xml:27:21-60
34        </intent>
35        <!-- Required for querying the plugin at runtime -->
36        <provider
36-->[com.android.car.ui:car-ui-lib:2.6.0] AndroidManifest.xml:30:9-33:67
37            android:name="com.android.car.ui.plugin.PluginNameProvider"
37-->[com.android.car.ui:car-ui-lib:2.6.0] AndroidManifest.xml:31:13-72
38            android:authorities="com.android.car.ui.plugin" />
38-->[com.android.car.ui:car-ui-lib:2.6.0] AndroidManifest.xml:32:13-60
39    </queries>
40
41    <uses-permission android:name="com.google.android.gms.permission.AD_ID" />
41-->[com.google.android.gms:play-services-measurement-api:21.5.0] AndroidManifest.xml:25:5-79
41-->[com.google.android.gms:play-services-measurement-api:21.5.0] AndroidManifest.xml:25:22-76
42    <uses-permission android:name="android.permission.ACCESS_ADSERVICES_ATTRIBUTION" />
42-->[com.google.android.gms:play-services-measurement-api:21.5.0] AndroidManifest.xml:26:5-88
42-->[com.google.android.gms:play-services-measurement-api:21.5.0] AndroidManifest.xml:26:22-85
43    <uses-permission android:name="android.permission.ACCESS_ADSERVICES_AD_ID" />
43-->[com.google.android.gms:play-services-measurement-api:21.5.0] AndroidManifest.xml:27:5-82
43-->[com.google.android.gms:play-services-measurement-api:21.5.0] AndroidManifest.xml:27:22-79
44    <uses-permission android:name="com.google.android.finsky.permission.BIND_GET_INSTALL_REFERRER_SERVICE" />
44-->[com.google.android.gms:play-services-measurement:21.5.0] AndroidManifest.xml:26:5-110
44-->[com.google.android.gms:play-services-measurement:21.5.0] AndroidManifest.xml:26:22-107
45
46    <permission
46-->[androidx.core:core:1.13.0] AndroidManifest.xml:22:5-24:47
47        android:name="com.example.whay.DYNAMIC_RECEIVER_NOT_EXPORTED_PERMISSION"
47-->[androidx.core:core:1.13.0] AndroidManifest.xml:23:9-81
48        android:protectionLevel="signature" />
48-->[androidx.core:core:1.13.0] AndroidManifest.xml:24:9-44
49
50    <uses-permission android:name="com.example.whay.DYNAMIC_RECEIVER_NOT_EXPORTED_PERMISSION" />
50-->[androidx.core:core:1.13.0] AndroidManifest.xml:26:5-97
50-->[androidx.core:core:1.13.0] AndroidManifest.xml:26:22-94
51
52    <application
52-->src\main\AndroidManifest.xml:23:5-149:19
53        android:name="com.example.whay.Whay"
53-->src\main\AndroidManifest.xml:24:9-29
54        android:allowBackup="true"
54-->src\main\AndroidManifest.xml:25:9-35
55        android:appComponentFactory="androidx.core.app.CoreComponentFactory"
55-->[androidx.core:core:1.13.0] AndroidManifest.xml:28:18-86
56        android:debuggable="true"
57        android:extractNativeLibs="false"
58        android:icon="@mipmap/ic_launcher"
58-->src\main\AndroidManifest.xml:26:9-43
59        android:label="@string/app_name"
59-->src\main\AndroidManifest.xml:27:9-41
60        android:roundIcon="@mipmap/ic_launcher_round"
60-->src\main\AndroidManifest.xml:28:9-54
61        android:supportsRtl="true"
61-->src\main\AndroidManifest.xml:29:9-35
62        android:testOnly="true"
63        android:theme="@style/Theme.Whay" >
63-->src\main\AndroidManifest.xml:30:9-42
64
65        <!-- Activities (unchanged) -->
66        <activity
66-->src\main\AndroidManifest.xml:33:9-40:20
67            android:name="com.example.whay.activities.MainActivity"
67-->src\main\AndroidManifest.xml:34:13-68
68            android:exported="true" >
68-->src\main\AndroidManifest.xml:35:13-36
69            <intent-filter>
69-->src\main\AndroidManifest.xml:36:13-39:29
70                <action android:name="android.intent.action.MAIN" />
70-->src\main\AndroidManifest.xml:37:17-69
70-->src\main\AndroidManifest.xml:37:25-66
71
72                <category android:name="android.intent.category.LAUNCHER" />
72-->src\main\AndroidManifest.xml:38:17-77
72-->src\main\AndroidManifest.xml:38:27-74
73            </intent-filter>
74        </activity>
75        <activity android:name="com.example.whay.activities.ArchivedNotificationsActivity" />
75-->src\main\AndroidManifest.xml:42:9-94
75-->src\main\AndroidManifest.xml:42:19-91
76        <activity android:name="com.example.whay.activities.ContactFilterActivity" />
76-->src\main\AndroidManifest.xml:43:9-86
76-->src\main\AndroidManifest.xml:43:19-83
77        <activity android:name="com.example.whay.activities.NotificationDetailActivity" />
77-->src\main\AndroidManifest.xml:44:9-91
77-->src\main\AndroidManifest.xml:44:19-88
78        <activity android:name="com.example.whay.activities.AnalyticsDashboardActivity" />
78-->src\main\AndroidManifest.xml:45:9-91
78-->src\main\AndroidManifest.xml:45:19-88
79        <activity android:name="com.example.whay.activities.NotificationHistoryActivity" />
79-->src\main\AndroidManifest.xml:46:9-92
79-->src\main\AndroidManifest.xml:46:19-89
80        <activity android:name="com.example.whay.activities.ContactDetailActivity" />
80-->src\main\AndroidManifest.xml:47:9-86
80-->src\main\AndroidManifest.xml:47:19-83
81        <activity android:name="com.example.whay.activities.ConversationListActivity" />
81-->src\main\AndroidManifest.xml:48:9-89
81-->src\main\AndroidManifest.xml:48:19-86
82        <activity android:name="com.example.whay.activities.SettingsActivity" />
82-->src\main\AndroidManifest.xml:49:9-81
82-->src\main\AndroidManifest.xml:49:19-78
83        <activity
83-->src\main\AndroidManifest.xml:50:9-52:39
84            android:name="com.example.whay.activities.FolderViewActivity"
84-->src\main\AndroidManifest.xml:51:13-58
85            android:exported="true" />
85-->src\main\AndroidManifest.xml:52:13-36
86        <activity
86-->src\main\AndroidManifest.xml:53:9-55:40
87            android:name="com.example.whay.activities.ChatActivity"
87-->src\main\AndroidManifest.xml:54:13-52
88            android:exported="false" />
88-->src\main\AndroidManifest.xml:55:13-37
89        <activity
89-->src\main\AndroidManifest.xml:56:9-58:40
90            android:name="com.example.whay.activities.AdvancedAISettingsActivity"
90-->src\main\AndroidManifest.xml:57:13-66
91            android:exported="false" />
91-->src\main\AndroidManifest.xml:58:13-37
92
93        <!-- Notification Listener Service -->
94        <service
94-->src\main\AndroidManifest.xml:61:9-68:19
95            android:name="com.example.whay.services.MyNotificationListenerService"
95-->src\main\AndroidManifest.xml:62:13-83
96            android:exported="false"
96-->src\main\AndroidManifest.xml:63:13-37
97            android:permission="android.permission.BIND_NOTIFICATION_LISTENER_SERVICE" >
97-->src\main\AndroidManifest.xml:64:13-87
98            <intent-filter>
98-->src\main\AndroidManifest.xml:65:13-67:29
99                <action android:name="android.service.notification.NotificationListenerService" />
99-->src\main\AndroidManifest.xml:66:17-99
99-->src\main\AndroidManifest.xml:66:25-96
100            </intent-filter>
101        </service>
102
103        <!-- Auto Reply Service -->
104        <service
104-->src\main\AndroidManifest.xml:71:9-79:19
105            android:name="com.example.whay.services.AutoReplyService"
105-->src\main\AndroidManifest.xml:72:13-70
106            android:exported="false"
106-->src\main\AndroidManifest.xml:73:13-37
107            android:foregroundServiceType="dataSync"
107-->src\main\AndroidManifest.xml:74:13-53
108            android:permission="android.permission.FOREGROUND_SERVICE_DATA_SYNC" >
108-->src\main\AndroidManifest.xml:75:13-81
109            <intent-filter>
109-->src\main\AndroidManifest.xml:76:13-78:29
110                <action android:name="com.example.whay.ACTION_START_AUTO_REPLY_SERVICE" />
110-->src\main\AndroidManifest.xml:77:17-91
110-->src\main\AndroidManifest.xml:77:25-88
111            </intent-filter>
112        </service>
113
114        <!-- ML Notification Processor Service -->
115        <service
115-->src\main\AndroidManifest.xml:82:9-88:19
116            android:name="com.example.whay.services.MLNotificationProcessorService"
116-->src\main\AndroidManifest.xml:83:13-84
117            android:exported="false" >
117-->src\main\AndroidManifest.xml:84:13-37
118            <intent-filter>
118-->src\main\AndroidManifest.xml:85:13-87:29
119                <action android:name="com.example.whay.ACTION_PROCESS_NOTIFICATION" />
119-->src\main\AndroidManifest.xml:86:17-87
119-->src\main\AndroidManifest.xml:86:25-84
120            </intent-filter>
121        </service>
122
123        <!-- Background Task Service -->
124        <service
124-->src\main\AndroidManifest.xml:91:9-94:72
125            android:name="com.example.whay.services.BackgroundTaskService"
125-->src\main\AndroidManifest.xml:92:13-75
126            android:exported="false"
126-->src\main\AndroidManifest.xml:93:13-37
127            android:permission="android.permission.BIND_JOB_SERVICE" />
127-->src\main\AndroidManifest.xml:94:13-69
128
129        <!-- Data Sync Service -->
130        <service
130-->src\main\AndroidManifest.xml:97:9-104:19
131            android:name="com.example.whay.services.DataSyncService"
131-->src\main\AndroidManifest.xml:98:13-69
132            android:exported="false"
132-->src\main\AndroidManifest.xml:99:13-37
133            android:foregroundServiceType="dataSync" >
133-->src\main\AndroidManifest.xml:100:13-53
134            <intent-filter>
134-->src\main\AndroidManifest.xml:101:13-103:29
135                <action android:name="com.example.whay.ACTION_SYNC_DATA" />
135-->src\main\AndroidManifest.xml:102:17-76
135-->src\main\AndroidManifest.xml:102:25-73
136            </intent-filter>
137        </service>
138        <service
138-->src\main\AndroidManifest.xml:106:9-116:19
139            android:name="com.example.whay.services.WhayAccessibilityService"
139-->src\main\AndroidManifest.xml:107:13-62
140            android:exported="true"
140-->src\main\AndroidManifest.xml:109:13-36
141            android:permission="android.permission.BIND_ACCESSIBILITY_SERVICE" >
141-->src\main\AndroidManifest.xml:108:13-79
142            <intent-filter>
142-->src\main\AndroidManifest.xml:110:13-112:29
143                <action android:name="android.accessibilityservice.AccessibilityService" />
143-->src\main\AndroidManifest.xml:111:17-92
143-->src\main\AndroidManifest.xml:111:25-89
144            </intent-filter>
145
146            <meta-data
146-->src\main\AndroidManifest.xml:113:13-115:72
147                android:name="android.accessibilityservice"
147-->src\main\AndroidManifest.xml:114:17-60
148                android:resource="@xml/accessibility_service_config" />
148-->src\main\AndroidManifest.xml:115:17-69
149        </service>
150
151        <!-- Boot Receiver -->
152        <receiver
152-->src\main\AndroidManifest.xml:119:9-126:20
153            android:name="com.example.whay.receivers.BootReceiver"
153-->src\main\AndroidManifest.xml:120:13-67
154            android:enabled="true"
154-->src\main\AndroidManifest.xml:121:13-35
155            android:exported="false" >
155-->src\main\AndroidManifest.xml:122:13-37
156            <intent-filter>
156-->src\main\AndroidManifest.xml:123:13-125:29
157                <action android:name="android.intent.action.BOOT_COMPLETED" />
157-->src\main\AndroidManifest.xml:124:17-79
157-->src\main\AndroidManifest.xml:124:25-76
158            </intent-filter>
159        </receiver>
160
161        <!-- Firebase Cloud Messaging Receiver -->
162        <service
162-->src\main\AndroidManifest.xml:129:9-135:19
163            android:name="com.example.whay.services.MyFirebaseMessagingService"
163-->src\main\AndroidManifest.xml:130:13-80
164            android:exported="false" >
164-->src\main\AndroidManifest.xml:131:13-37
165            <intent-filter>
165-->src\main\AndroidManifest.xml:132:13-134:29
166                <action android:name="com.google.firebase.MESSAGING_EVENT" />
166-->src\main\AndroidManifest.xml:133:17-78
166-->src\main\AndroidManifest.xml:133:25-75
167            </intent-filter>
168        </service>
169
170        <!-- Notification Channel Creator Service -->
171        <service
171-->src\main\AndroidManifest.xml:138:9-140:40
172            android:name="com.example.whay.services.NotificationChannelCreatorService"
172-->src\main\AndroidManifest.xml:139:13-87
173            android:exported="false" />
173-->src\main\AndroidManifest.xml:140:13-37
174
175        <!-- Content Provider for sharing data between app components -->
176        <provider
177            android:name="com.example.whay.providers.WhayContentProvider"
177-->src\main\AndroidManifest.xml:144:13-74
178            android:authorities="com.example.whay.provider"
178-->src\main\AndroidManifest.xml:145:13-60
179            android:exported="false"
179-->src\main\AndroidManifest.xml:146:13-37
180            android:grantUriPermissions="true" />
180-->src\main\AndroidManifest.xml:147:13-47
181        <provider
181-->[com.android.car.ui:car-ui-lib:2.6.0] AndroidManifest.xml:37:9-42:71
182            android:name="com.android.car.ui.core.CarUiInstaller"
182-->[com.android.car.ui:car-ui-lib:2.6.0] AndroidManifest.xml:38:13-66
183            android:authorities="com.example.whay.CarUiInstaller"
183-->[com.android.car.ui:car-ui-lib:2.6.0] AndroidManifest.xml:39:13-66
184            android:directBootAware="true"
184-->[com.android.car.ui:car-ui-lib:2.6.0] AndroidManifest.xml:40:13-43
185            android:exported="false"
185-->[com.android.car.ui:car-ui-lib:2.6.0] AndroidManifest.xml:41:13-37
186            android:process="@string/car_ui_installer_process_name" />
186-->[com.android.car.ui:car-ui-lib:2.6.0] AndroidManifest.xml:42:13-68
187        <provider
187-->[com.android.car.ui:car-ui-lib:2.6.0] AndroidManifest.xml:43:9-48:79
188            android:name="com.android.car.ui.core.SearchResultsProvider"
188-->[com.android.car.ui:car-ui-lib:2.6.0] AndroidManifest.xml:44:13-73
189            android:authorities="com.example.whay.SearchResultsProvider"
189-->[com.android.car.ui:car-ui-lib:2.6.0] AndroidManifest.xml:45:13-73
190            android:exported="true"
190-->[com.android.car.ui:car-ui-lib:2.6.0] AndroidManifest.xml:46:13-36
191            android:process="@string/car_ui_installer_process_name"
191-->[com.android.car.ui:car-ui-lib:2.6.0] AndroidManifest.xml:47:13-68
192            android:readPermission="com.android.car.ui.READ_SEARCH_RESULTS" />
192-->[com.android.car.ui:car-ui-lib:2.6.0] AndroidManifest.xml:48:13-76
193
194        <receiver
194-->[com.google.firebase:firebase-messaging:24.0.1] AndroidManifest.xml:29:9-40:20
195            android:name="com.google.firebase.iid.FirebaseInstanceIdReceiver"
195-->[com.google.firebase:firebase-messaging:24.0.1] AndroidManifest.xml:30:13-78
196            android:exported="true"
196-->[com.google.firebase:firebase-messaging:24.0.1] AndroidManifest.xml:31:13-36
197            android:permission="com.google.android.c2dm.permission.SEND" >
197-->[com.google.firebase:firebase-messaging:24.0.1] AndroidManifest.xml:32:13-73
198            <intent-filter>
198-->[com.google.firebase:firebase-messaging:24.0.1] AndroidManifest.xml:33:13-35:29
199                <action android:name="com.google.android.c2dm.intent.RECEIVE" />
199-->[com.google.firebase:firebase-messaging:24.0.1] AndroidManifest.xml:34:17-81
199-->[com.google.firebase:firebase-messaging:24.0.1] AndroidManifest.xml:34:25-78
200            </intent-filter>
201
202            <meta-data
202-->[com.google.firebase:firebase-messaging:24.0.1] AndroidManifest.xml:37:13-39:40
203                android:name="com.google.android.gms.cloudmessaging.FINISHED_AFTER_HANDLED"
203-->[com.google.firebase:firebase-messaging:24.0.1] AndroidManifest.xml:38:17-92
204                android:value="true" />
204-->[com.google.firebase:firebase-messaging:24.0.1] AndroidManifest.xml:39:17-37
205        </receiver>
206        <!--
207             FirebaseMessagingService performs security checks at runtime,
208             but set to not exported to explicitly avoid allowing another app to call it.
209        -->
210        <service
210-->[com.google.firebase:firebase-messaging:24.0.1] AndroidManifest.xml:46:9-53:19
211            android:name="com.google.firebase.messaging.FirebaseMessagingService"
211-->[com.google.firebase:firebase-messaging:24.0.1] AndroidManifest.xml:47:13-82
212            android:directBootAware="true"
212-->[com.google.firebase:firebase-messaging:24.0.1] AndroidManifest.xml:48:13-43
213            android:exported="false" >
213-->[com.google.firebase:firebase-messaging:24.0.1] AndroidManifest.xml:49:13-37
214            <intent-filter android:priority="-500" >
214-->src\main\AndroidManifest.xml:132:13-134:29
215                <action android:name="com.google.firebase.MESSAGING_EVENT" />
215-->src\main\AndroidManifest.xml:133:17-78
215-->src\main\AndroidManifest.xml:133:25-75
216            </intent-filter>
217        </service>
218        <service
218-->[com.google.firebase:firebase-messaging:24.0.1] AndroidManifest.xml:54:9-63:19
219            android:name="com.google.firebase.components.ComponentDiscoveryService"
219-->[com.google.firebase:firebase-messaging:24.0.1] AndroidManifest.xml:55:13-84
220            android:directBootAware="true"
220-->[com.google.firebase:firebase-common:21.0.0] AndroidManifest.xml:32:13-43
221            android:exported="false" >
221-->[com.google.firebase:firebase-messaging:24.0.1] AndroidManifest.xml:56:13-37
222            <meta-data
222-->[com.google.firebase:firebase-messaging:24.0.1] AndroidManifest.xml:57:13-59:85
223                android:name="com.google.firebase.components:com.google.firebase.messaging.FirebaseMessagingKtxRegistrar"
223-->[com.google.firebase:firebase-messaging:24.0.1] AndroidManifest.xml:58:17-122
224                android:value="com.google.firebase.components.ComponentRegistrar" />
224-->[com.google.firebase:firebase-messaging:24.0.1] AndroidManifest.xml:59:17-82
225            <meta-data
225-->[com.google.firebase:firebase-messaging:24.0.1] AndroidManifest.xml:60:13-62:85
226                android:name="com.google.firebase.components:com.google.firebase.messaging.FirebaseMessagingRegistrar"
226-->[com.google.firebase:firebase-messaging:24.0.1] AndroidManifest.xml:61:17-119
227                android:value="com.google.firebase.components.ComponentRegistrar" />
227-->[com.google.firebase:firebase-messaging:24.0.1] AndroidManifest.xml:62:17-82
228            <meta-data
228-->[com.google.android.gms:play-services-measurement-api:21.5.0] AndroidManifest.xml:37:13-39:85
229                android:name="com.google.firebase.components:com.google.firebase.analytics.connector.internal.AnalyticsConnectorRegistrar"
229-->[com.google.android.gms:play-services-measurement-api:21.5.0] AndroidManifest.xml:38:17-139
230                android:value="com.google.firebase.components.ComponentRegistrar" />
230-->[com.google.android.gms:play-services-measurement-api:21.5.0] AndroidManifest.xml:39:17-82
231            <meta-data
231-->[com.google.firebase:firebase-installations:17.2.0] AndroidManifest.xml:15:13-17:85
232                android:name="com.google.firebase.components:com.google.firebase.installations.FirebaseInstallationsKtxRegistrar"
232-->[com.google.firebase:firebase-installations:17.2.0] AndroidManifest.xml:16:17-130
233                android:value="com.google.firebase.components.ComponentRegistrar" />
233-->[com.google.firebase:firebase-installations:17.2.0] AndroidManifest.xml:17:17-82
234            <meta-data
234-->[com.google.firebase:firebase-installations:17.2.0] AndroidManifest.xml:18:13-20:85
235                android:name="com.google.firebase.components:com.google.firebase.installations.FirebaseInstallationsRegistrar"
235-->[com.google.firebase:firebase-installations:17.2.0] AndroidManifest.xml:19:17-127
236                android:value="com.google.firebase.components.ComponentRegistrar" />
236-->[com.google.firebase:firebase-installations:17.2.0] AndroidManifest.xml:20:17-82
237            <meta-data
237-->[com.google.firebase:firebase-common-ktx:21.0.0] AndroidManifest.xml:12:13-14:85
238                android:name="com.google.firebase.components:com.google.firebase.ktx.FirebaseCommonLegacyRegistrar"
238-->[com.google.firebase:firebase-common-ktx:21.0.0] AndroidManifest.xml:13:17-116
239                android:value="com.google.firebase.components.ComponentRegistrar" />
239-->[com.google.firebase:firebase-common-ktx:21.0.0] AndroidManifest.xml:14:17-82
240            <meta-data
240-->[com.google.firebase:firebase-common:21.0.0] AndroidManifest.xml:35:13-37:85
241                android:name="com.google.firebase.components:com.google.firebase.FirebaseCommonKtxRegistrar"
241-->[com.google.firebase:firebase-common:21.0.0] AndroidManifest.xml:36:17-109
242                android:value="com.google.firebase.components.ComponentRegistrar" />
242-->[com.google.firebase:firebase-common:21.0.0] AndroidManifest.xml:37:17-82
243            <meta-data
243-->[com.google.firebase:firebase-datatransport:18.2.0] AndroidManifest.xml:25:13-27:85
244                android:name="com.google.firebase.components:com.google.firebase.datatransport.TransportRegistrar"
244-->[com.google.firebase:firebase-datatransport:18.2.0] AndroidManifest.xml:26:17-115
245                android:value="com.google.firebase.components.ComponentRegistrar" />
245-->[com.google.firebase:firebase-datatransport:18.2.0] AndroidManifest.xml:27:17-82
246        </service>
247
248        <activity
248-->[com.google.android.gms:play-services-base:18.0.1] AndroidManifest.xml:20:9-22:45
249            android:name="com.google.android.gms.common.api.GoogleApiActivity"
249-->[com.google.android.gms:play-services-base:18.0.1] AndroidManifest.xml:20:19-85
250            android:exported="false"
250-->[com.google.android.gms:play-services-base:18.0.1] AndroidManifest.xml:22:19-43
251            android:theme="@android:style/Theme.Translucent.NoTitleBar" />
251-->[com.google.android.gms:play-services-base:18.0.1] AndroidManifest.xml:21:19-78
252
253        <property
253-->[com.google.android.gms:play-services-measurement-api:21.5.0] AndroidManifest.xml:30:9-32:61
254            android:name="android.adservices.AD_SERVICES_CONFIG"
254-->[com.google.android.gms:play-services-measurement-api:21.5.0] AndroidManifest.xml:31:13-65
255            android:resource="@xml/ga_ad_services_config" />
255-->[com.google.android.gms:play-services-measurement-api:21.5.0] AndroidManifest.xml:32:13-58
256
257        <receiver
257-->[com.google.android.gms:play-services-measurement:21.5.0] AndroidManifest.xml:29:9-33:20
258            android:name="com.google.android.gms.measurement.AppMeasurementReceiver"
258-->[com.google.android.gms:play-services-measurement:21.5.0] AndroidManifest.xml:30:13-85
259            android:enabled="true"
259-->[com.google.android.gms:play-services-measurement:21.5.0] AndroidManifest.xml:31:13-35
260            android:exported="false" >
260-->[com.google.android.gms:play-services-measurement:21.5.0] AndroidManifest.xml:32:13-37
261        </receiver>
262
263        <service
263-->[com.google.android.gms:play-services-measurement:21.5.0] AndroidManifest.xml:35:9-38:40
264            android:name="com.google.android.gms.measurement.AppMeasurementService"
264-->[com.google.android.gms:play-services-measurement:21.5.0] AndroidManifest.xml:36:13-84
265            android:enabled="true"
265-->[com.google.android.gms:play-services-measurement:21.5.0] AndroidManifest.xml:37:13-35
266            android:exported="false" />
266-->[com.google.android.gms:play-services-measurement:21.5.0] AndroidManifest.xml:38:13-37
267        <service
267-->[com.google.android.gms:play-services-measurement:21.5.0] AndroidManifest.xml:39:9-43:72
268            android:name="com.google.android.gms.measurement.AppMeasurementJobService"
268-->[com.google.android.gms:play-services-measurement:21.5.0] AndroidManifest.xml:40:13-87
269            android:enabled="true"
269-->[com.google.android.gms:play-services-measurement:21.5.0] AndroidManifest.xml:41:13-35
270            android:exported="false"
270-->[com.google.android.gms:play-services-measurement:21.5.0] AndroidManifest.xml:42:13-37
271            android:permission="android.permission.BIND_JOB_SERVICE" />
271-->[com.google.android.gms:play-services-measurement:21.5.0] AndroidManifest.xml:43:13-69
272
273        <provider
273-->[com.google.firebase:firebase-common:21.0.0] AndroidManifest.xml:23:9-28:39
274            android:name="com.google.firebase.provider.FirebaseInitProvider"
274-->[com.google.firebase:firebase-common:21.0.0] AndroidManifest.xml:24:13-77
275            android:authorities="com.example.whay.firebaseinitprovider"
275-->[com.google.firebase:firebase-common:21.0.0] AndroidManifest.xml:25:13-72
276            android:directBootAware="true"
276-->[com.google.firebase:firebase-common:21.0.0] AndroidManifest.xml:26:13-43
277            android:exported="false"
277-->[com.google.firebase:firebase-common:21.0.0] AndroidManifest.xml:27:13-37
278            android:initOrder="100" />
278-->[com.google.firebase:firebase-common:21.0.0] AndroidManifest.xml:28:13-36
279        <provider
279-->[androidx.work:work-runtime:2.9.1] AndroidManifest.xml:29:9-37:20
280            android:name="androidx.startup.InitializationProvider"
280-->[androidx.work:work-runtime:2.9.1] AndroidManifest.xml:30:13-67
281            android:authorities="com.example.whay.androidx-startup"
281-->[androidx.work:work-runtime:2.9.1] AndroidManifest.xml:31:13-68
282            android:exported="false" >
282-->[androidx.work:work-runtime:2.9.1] AndroidManifest.xml:32:13-37
283            <meta-data
283-->[androidx.work:work-runtime:2.9.1] AndroidManifest.xml:34:13-36:52
284                android:name="androidx.work.WorkManagerInitializer"
284-->[androidx.work:work-runtime:2.9.1] AndroidManifest.xml:35:17-68
285                android:value="androidx.startup" />
285-->[androidx.work:work-runtime:2.9.1] AndroidManifest.xml:36:17-49
286            <meta-data
286-->[androidx.emoji2:emoji2:1.3.0] AndroidManifest.xml:29:13-31:52
287                android:name="androidx.emoji2.text.EmojiCompatInitializer"
287-->[androidx.emoji2:emoji2:1.3.0] AndroidManifest.xml:30:17-75
288                android:value="androidx.startup" />
288-->[androidx.emoji2:emoji2:1.3.0] AndroidManifest.xml:31:17-49
289            <meta-data
289-->[androidx.lifecycle:lifecycle-process:2.6.2] AndroidManifest.xml:29:13-31:52
290                android:name="androidx.lifecycle.ProcessLifecycleInitializer"
290-->[androidx.lifecycle:lifecycle-process:2.6.2] AndroidManifest.xml:30:17-78
291                android:value="androidx.startup" />
291-->[androidx.lifecycle:lifecycle-process:2.6.2] AndroidManifest.xml:31:17-49
292            <meta-data
292-->[androidx.profileinstaller:profileinstaller:1.3.1] AndroidManifest.xml:29:13-31:52